<?xml version="1.0" encoding="UTF-8"?>
<!-- Generated by org.testng.reporters.JUnitReportReporter -->
<testsuite hostname="NEWGEN-VM-06" name="com.Selenium.Google" tests="1" failures="0" timestamp="23 Sep 2013 09:18:40 GMT" time="4.606" errors="0">
  <testcase name="test" time="4.606" classname="com.Selenium.Google"/>
</testsuite> <!-- com.Selenium.Google -->
